<?xml version="1.0" encoding="UTF-8"?>
<testng-results ignored="0" total="1" passed="1" failed="0" skipped="0">
  <reporter-output>
  </reporter-output>
  <suite started-at="2025-01-07T13:56:47 IST" name="Default suite" finished-at="2025-01-07T13:57:04 IST" duration-ms="16359">
    <groups>
    </groups>
    <test started-at="2025-01-07T13:56:47 IST" name="Default test" finished-at="2025-01-07T13:57:04 IST" duration-ms="16359">
      <class name="Dropdown_types.HiddenDropDownList">
        <test-method signature="flipkartElectronicFuncstionality()[pri:0, instance:Dropdown_types.HiddenDropDownList@c88a337]" started-at="2025-01-07T13:56:47 IST" name="flipkartElectronicFuncstionality" finished-at="2025-01-07T13:57:04 IST" duration-ms="16313" status="PASS">
          <reporter-output>
          </reporter-output>
        </test-method> <!-- flipkartElectronicFuncstionality -->
      </class> <!-- Dropdown_types.HiddenDropDownList -->
    </test> <!-- Default test -->
  </suite> <!-- Default suite -->
</testng-results>
