<?xml version="1.0" encoding="UTF-8"?>
<testng-results ignored="0" total="1" passed="1" failed="0" skipped="0">
  <reporter-output>
  </reporter-output>
  <suite started-at="2025-01-07T14:23:52 IST" name="Default suite" finished-at="2025-01-07T14:23:59 IST" duration-ms="7202">
    <groups>
    </groups>
    <test started-at="2025-01-07T14:23:52 IST" name="Default test" finished-at="2025-01-07T14:23:59 IST" duration-ms="7202">
      <class name="Dropdown_types.AutoSuggestDropDown">
        <test-method signature="autoSuggest()[pri:0, instance:Dropdown_types.AutoSuggestDropDown@c88a337]" started-at="2025-01-07T14:23:52 IST" name="autoSuggest" finished-at="2025-01-07T14:23:59 IST" duration-ms="7155" status="PASS">
          <reporter-output>
          </reporter-output>
        </test-method> <!-- autoSuggest -->
      </class> <!-- Dropdown_types.AutoSuggestDropDown -->
    </test> <!-- Default test -->
  </suite> <!-- Default suite -->
</testng-results>
